21:04:56 **** Incremental Build of configuration Debug for project CubeMX ****
Info: Internal Builder is used for build
arm-atollic-eabi-gcc -c -mthumb -mcpu=cortex-m4 -mfloat-abi=hard -mfpu=fpv4-sp-d16 -std=gnu11 -D__weak=__attribute__((weak)) -D__packed=__attribute__((__packed__)) -DUSE_HAL_DRIVER -DSTM32F411xE -I../Inc -I../Drivers/STM32F4xx_HAL_Driver/Inc -I../Drivers/STM32F4xx_HAL_Driver/Inc/Legacy -I../Middlewares/Third_Party/FatFs/src -I../Middlewares/ST/STM32_USB_Host_Library/Core/Inc -I../Middlewares/ST/STM32_USB_Host_Library/Class/MSC/Inc -I../Drivers/CMSIS/Device/ST/STM32F4xx/Include -I../Drivers/CMSIS/Include -Os -ffunction-sections -fdata-sections -g -fstack-usage -Wall -specs=nano.specs -o Src\user.o ..\Src\user.c 
In file included from ../Drivers/CMSIS/Device/ST/STM32F4xx/Include/stm32f4xx.h:171:0,
                 from ../Drivers/STM32F4xx_HAL_Driver/Inc/stm32f4xx_hal_def.h:46,
                 from ../Drivers/STM32F4xx_HAL_Driver/Inc/stm32f4xx_hal_rcc.h:45,
                 from ../Inc/stm32f4xx_hal_conf.h:244,
                 from ../Drivers/STM32F4xx_HAL_Driver/Inc/stm32f4xx_hal.h:46,
                 from ../Inc/main.h:61,
                 from ..\Src\user.h:1,
                 from ..\Src\user.c:1:
..\Src\user.c: In function 'incrBtns':
../Drivers/CMSIS/Device/ST/STM32F4xx/Include/stm32f411xe.h:803:29: warning: initialization makes integer from pointer without a cast [-Wint-conversion]
 #define GPIOE               ((GPIO_TypeDef *) GPIOE_BASE)
                             ^
..\Src\user.c:138:27: note: in expansion of macro 'GPIOE'
  GPIO_TypeDef letter[] = {GPIOE, GPIOE, GPIOE, GPIOE, GPIOB};
                           ^~~~~
../Drivers/CMSIS/Device/ST/STM32F4xx/Include/stm32f411xe.h:803:29: note: (near initialization for 'letter[0].MODER')
 #define GPIOE               ((GPIO_TypeDef *) GPIOE_BASE)
                             ^
..\Src\user.c:138:27: note: in expansion of macro 'GPIOE'
  GPIO_TypeDef letter[] = {GPIOE, GPIOE, GPIOE, GPIOE, GPIOB};
                           ^~~~~
../Drivers/CMSIS/Device/ST/STM32F4xx/Include/stm32f411xe.h:803:29: warning: initialization makes integer from pointer without a cast [-Wint-conversion]
 #define GPIOE               ((GPIO_TypeDef *) GPIOE_BASE)
                             ^
..\Src\user.c:138:34: note: in expansion of macro 'GPIOE'
  GPIO_TypeDef letter[] = {GPIOE, GPIOE, GPIOE, GPIOE, GPIOB};
                                  ^~~~~
../Drivers/CMSIS/Device/ST/STM32F4xx/Include/stm32f411xe.h:803:29: note: (near initialization for 'letter[0].OTYPER')
 #define GPIOE               ((GPIO_TypeDef *) GPIOE_BASE)
                             ^
..\Src\user.c:138:34: note: in expansion of macro 'GPIOE'
  GPIO_TypeDef letter[] = {GPIOE, GPIOE, GPIOE, GPIOE, GPIOB};
                                  ^~~~~
../Drivers/CMSIS/Device/ST/STM32F4xx/Include/stm32f411xe.h:803:29: warning: initialization makes integer from pointer without a cast [-Wint-conversion]
 #define GPIOE               ((GPIO_TypeDef *) GPIOE_BASE)
                             ^
..\Src\user.c:138:41: note: in expansion of macro 'GPIOE'
  GPIO_TypeDef letter[] = {GPIOE, GPIOE, GPIOE, GPIOE, GPIOB};
                                         ^~~~~
../Drivers/CMSIS/Device/ST/STM32F4xx/Include/stm32f411xe.h:803:29: note: (near initialization for 'letter[0].OSPEEDR')
 #define GPIOE               ((GPIO_TypeDef *) GPIOE_BASE)
                             ^
..\Src\user.c:138:41: note: in expansion of macro 'GPIOE'
  GPIO_TypeDef letter[] = {GPIOE, GPIOE, GPIOE, GPIOE, GPIOB};
                                         ^~~~~
../Drivers/CMSIS/Device/ST/STM32F4xx/Include/stm32f411xe.h:803:29: warning: initialization makes integer from pointer without a cast [-Wint-conversion]
 #define GPIOE               ((GPIO_TypeDef *) GPIOE_BASE)
                             ^
..\Src\user.c:138:48: note: in expansion of macro 'GPIOE'
  GPIO_TypeDef letter[] = {GPIOE, GPIOE, GPIOE, GPIOE, GPIOB};
                                                ^~~~~
../Drivers/CMSIS/Device/ST/STM32F4xx/Include/stm32f411xe.h:803:29: note: (near initialization for 'letter[0].PUPDR')
 #define GPIOE               ((GPIO_TypeDef *) GPIOE_BASE)
                             ^
..\Src\user.c:138:48: note: in expansion of macro 'GPIOE'
  GPIO_TypeDef letter[] = {GPIOE, GPIOE, GPIOE, GPIOE, GPIOB};
                                                ^~~~~
../Drivers/CMSIS/Device/ST/STM32F4xx/Include/stm32f411xe.h:800:29: warning: initialization makes integer from pointer without a cast [-Wint-conversion]
 #define GPIOB               ((GPIO_TypeDef *) GPIOB_BASE)
                             ^
..\Src\user.c:138:55: note: in expansion of macro 'GPIOB'
  GPIO_TypeDef letter[] = {GPIOE, GPIOE, GPIOE, GPIOE, GPIOB};
                                                       ^~~~~
../Drivers/CMSIS/Device/ST/STM32F4xx/Include/stm32f411xe.h:800:29: note: (near initialization for 'letter[0].IDR')
 #define GPIOB               ((GPIO_TypeDef *) GPIOB_BASE)
                             ^
..\Src\user.c:138:55: note: in expansion of macro 'GPIOB'
  GPIO_TypeDef letter[] = {GPIOE, GPIOE, GPIOE, GPIOE, GPIOB};
                                                       ^~~~~
..\Src\user.c:138:26: warning: missing braces around initializer [-Wmissing-braces]
  GPIO_TypeDef letter[] = {GPIOE, GPIOE, GPIOE, GPIOE, GPIOB};
                          ^
..\Src\user.c:138:26: note: (near initialization for 'letter')
..\Src\user.c:143:39: error: incompatible type for argument 1 of 'HAL_GPIO_ReadPin'
   if(cBtns[i][tm] != HAL_GPIO_ReadPin(letter[i], number[i])){
                                       ^~~~~~
In file included from ../Inc/stm32f4xx_hal_conf.h:252:0,
                 from ../Drivers/STM32F4xx_HAL_Driver/Inc/stm32f4xx_hal.h:46,
                 from ../Inc/main.h:61,
                 from ..\Src\user.h:1,
                 from ..\Src\user.c:1:
../Drivers/STM32F4xx_HAL_Driver/Inc/stm32f4xx_hal_gpio.h:251:15: note: expected 'GPIO_TypeDef * {aka struct <anonymous> *}' but argument is of type 'GPIO_TypeDef {aka struct <anonymous>}'
 GPIO_PinState HAL_GPIO_ReadPin(GPIO_TypeDef* GPIOx, uint16_t GPIO_Pin);
               ^~~~~~~~~~~~~~~~
Info: Nothing to build for AudioTest
21:12:44 **** Incremental Build of configuration Debug for project CubeMX ****
Info: Internal Builder is used for build
arm-atollic-eabi-gcc -c -mthumb -mcpu=cortex-m4 -mfloat-abi=hard -mfpu=fpv4-sp-d16 -std=gnu11 -D__weak=__attribute__((weak)) -D__packed=__attribute__((__packed__)) -DUSE_HAL_DRIVER -DSTM32F411xE -I../Inc -I../Drivers/STM32F4xx_HAL_Driver/Inc -I../Drivers/STM32F4xx_HAL_Driver/Inc/Legacy -I../Middlewares/Third_Party/FatFs/src -I../Middlewares/ST/STM32_USB_Host_Library/Core/Inc -I../Middlewares/ST/STM32_USB_Host_Library/Class/MSC/Inc -I../Drivers/CMSIS/Device/ST/STM32F4xx/Include -I../Drivers/CMSIS/Include -Os -ffunction-sections -fdata-sections -g -fstack-usage -Wall -specs=nano.specs -o Src\user.o ..\Src\user.c 
..\Src\user.c: In function 'incrBtns':
..\Src\user.c:138:2: error: 'letter' undeclared (first use in this function)
  letter[] = {GPIOE, GPIOE, GPIOE, GPIOE, GPIOB};
  ^~~~~~
..\Src\user.c:138:2: note: each undeclared identifier is reported only once for each function it appears in
..\Src\user.c:138:9: error: expected expression before ']' token
  letter[] = {GPIOE, GPIOE, GPIOE, GPIOE, GPIOB};
         ^
Info: Nothing to build for test
Info: Nothing to build for AudioTest
21:23:04 **** Incremental Build of configuration Debug for project CubeMX ****
Info: Internal Builder is used for build
arm-atollic-eabi-gcc -c -mthumb -mcpu=cortex-m4 -mfloat-abi=hard -mfpu=fpv4-sp-d16 -std=gnu11 -D__weak=__attribute__((weak)) -D__packed=__attribute__((__packed__)) -DUSE_HAL_DRIVER -DSTM32F411xE -I../Inc -I../Drivers/STM32F4xx_HAL_Driver/Inc -I../Drivers/STM32F4xx_HAL_Driver/Inc/Legacy -I../Middlewares/Third_Party/FatFs/src -I../Middlewares/ST/STM32_USB_Host_Library/Core/Inc -I../Middlewares/ST/STM32_USB_Host_Library/Class/MSC/Inc -I../Drivers/CMSIS/Device/ST/STM32F4xx/Include -I../Drivers/CMSIS/Include -Os -ffunction-sections -fdata-sections -g -fstack-usage -Wall -specs=nano.specs -o Src\user.o ..\Src\user.c 
arm-atollic-eabi-gcc -o CubeMX.elf Drivers\STM32F4xx_HAL_Driver\Src\stm32f4xx_hal.o Drivers\STM32F4xx_HAL_Driver\Src\stm32f4xx_hal_adc.o Drivers\STM32F4xx_HAL_Driver\Src\stm32f4xx_hal_adc_ex.o Drivers\STM32F4xx_HAL_Driver\Src\stm32f4xx_hal_cortex.o Drivers\STM32F4xx_HAL_Driver\Src\stm32f4xx_hal_dma.o Drivers\STM32F4xx_HAL_Driver\Src\stm32f4xx_hal_dma_ex.o Drivers\STM32F4xx_HAL_Driver\Src\stm32f4xx_hal_flash.o Drivers\STM32F4xx_HAL_Driver\Src\stm32f4xx_hal_flash_ex.o Drivers\STM32F4xx_HAL_Driver\Src\stm32f4xx_hal_flash_ramfunc.o Drivers\STM32F4xx_HAL_Driver\Src\stm32f4xx_hal_gpio.o Drivers\STM32F4xx_HAL_Driver\Src\stm32f4xx_hal_hcd.o Drivers\STM32F4xx_HAL_Driver\Src\stm32f4xx_hal_i2c.o Drivers\STM32F4xx_HAL_Driver\Src\stm32f4xx_hal_i2c_ex.o Drivers\STM32F4xx_HAL_Driver\Src\stm32f4xx_hal_i2s.o Drivers\STM32F4xx_HAL_Driver\Src\stm32f4xx_hal_i2s_ex.o Drivers\STM32F4xx_HAL_Driver\Src\stm32f4xx_hal_pwr.o Drivers\STM32F4xx_HAL_Driver\Src\stm32f4xx_hal_pwr_ex.o Drivers\STM32F4xx_HAL_Driver\Src\stm32f4xx_hal_rcc.o Drivers\STM32F4xx_HAL_Driver\Src\stm32f4xx_hal_rcc_ex.o Drivers\STM32F4xx_HAL_Driver\Src\stm32f4xx_hal_spi.o Drivers\STM32F4xx_HAL_Driver\Src\stm32f4xx_hal_tim.o Drivers\STM32F4xx_HAL_Driver\Src\stm32f4xx_hal_tim_ex.o Drivers\STM32F4xx_HAL_Driver\Src\stm32f4xx_hal_uart.o Drivers\STM32F4xx_HAL_Driver\Src\stm32f4xx_ll_usb.o Middlewares\ST\STM32_USB_Host_Library\Class\MSC\Src\usbh_msc.o Middlewares\ST\STM32_USB_Host_Library\Class\MSC\Src\usbh_msc_bot.o Middlewares\ST\STM32_USB_Host_Library\Class\MSC\Src\usbh_msc_scsi.o Middlewares\ST\STM32_USB_Host_Library\Core\Src\usbh_core.o Middlewares\ST\STM32_USB_Host_Library\Core\Src\usbh_ctlreq.o Middlewares\ST\STM32_USB_Host_Library\Core\Src\usbh_ioreq.o Middlewares\ST\STM32_USB_Host_Library\Core\Src\usbh_pipes.o Middlewares\Third_Party\FatFs\src\diskio.o Middlewares\Third_Party\FatFs\src\ff.o Middlewares\Third_Party\FatFs\src\ff_gen_drv.o Middlewares\Third_Party\FatFs\src\option\syscall.o Src\adc.o Src\dma.o Src\fatfs.o Src\gpio.o Src\i2c.o Src\i2s.o Src\main.o Src\spi.o Src\stm32f4xx_hal_msp.o Src\stm32f4xx_it.o Src\system_stm32f4xx.o Src\usart.o Src\usb_host.o Src\usbh_conf.o Src\usbh_diskio.o Src\usbh_platform.o Src\user.o startup\startup_stm32f411xe.o -mthumb -mcpu=cortex-m4 -mfloat-abi=hard -mfpu=fpv4-sp-d16 -T../STM32F411VE_FLASH.ld -specs=nosys.specs -static -Wl,-Map=CubeMX.map -Wl,--gc-sections -Wl,--defsym=malloc_getpagesize_P=0x80 -Wl,--start-group -lc -lm -Wl,--end-group -specs=nano.specs 
C:\Program Files (x86)\Atollic\TrueSTUDIO for STM32 9.2.0\ide\jre\bin\java -jar C:\Program Files (x86)\Atollic\TrueSTUDIO for STM32 9.2.0\Tools\arm-atollic-reports.jar sizeinfo list CubeMX.elf 
Generate build reports...
Print size information
   text	   data	    bss	    dec	    hex	filename
  22320	    152	   5196	  27668	   6c14	CubeMX.elf
Print size information done
Generate listing file
Output sent to: CubeMX.list
Generate listing file done
Generate build reports done
arm-atollic-eabi-objcopy.exe -O ihex CubeMX.elf CubeMX.hex 
Info: Nothing to build for test
Info: Nothing to build for CubeMX
21:27:09 **** Incremental Build of configuration Debug for project CubeMX ****
Info: Internal Builder is used for build
arm-atollic-eabi-gcc -c -mthumb -mcpu=cortex-m4 -mfloat-abi=hard -mfpu=fpv4-sp-d16 -std=gnu11 -D__weak=__attribute__((weak)) -D__packed=__attribute__((__packed__)) -DUSE_HAL_DRIVER -DSTM32F411xE -I../Inc -I../Drivers/STM32F4xx_HAL_Driver/Inc -I../Drivers/STM32F4xx_HAL_Driver/Inc/Legacy -I../Middlewares/Third_Party/FatFs/src -I../Middlewares/ST/STM32_USB_Host_Library/Core/Inc -I../Middlewares/ST/STM32_USB_Host_Library/Class/MSC/Inc -I../Drivers/CMSIS/Device/ST/STM32F4xx/Include -I../Drivers/CMSIS/Include -Os -ffunction-sections -fdata-sections -g -fstack-usage -Wall -specs=nano.specs -o Src\user.o ..\Src\user.c 
arm-atollic-eabi-gcc -o CubeMX.elf Drivers\STM32F4xx_HAL_Driver\Src\stm32f4xx_hal.o Drivers\STM32F4xx_HAL_Driver\Src\stm32f4xx_hal_adc.o Drivers\STM32F4xx_HAL_Driver\Src\stm32f4xx_hal_adc_ex.o Drivers\STM32F4xx_HAL_Driver\Src\stm32f4xx_hal_cortex.o Drivers\STM32F4xx_HAL_Driver\Src\stm32f4xx_hal_dma.o Drivers\STM32F4xx_HAL_Driver\Src\stm32f4xx_hal_dma_ex.o Drivers\STM32F4xx_HAL_Driver\Src\stm32f4xx_hal_flash.o Drivers\STM32F4xx_HAL_Driver\Src\stm32f4xx_hal_flash_ex.o Drivers\STM32F4xx_HAL_Driver\Src\stm32f4xx_hal_flash_ramfunc.o Drivers\STM32F4xx_HAL_Driver\Src\stm32f4xx_hal_gpio.o Drivers\STM32F4xx_HAL_Driver\Src\stm32f4xx_hal_hcd.o Drivers\STM32F4xx_HAL_Driver\Src\stm32f4xx_hal_i2c.o Drivers\STM32F4xx_HAL_Driver\Src\stm32f4xx_hal_i2c_ex.o Drivers\STM32F4xx_HAL_Driver\Src\stm32f4xx_hal_i2s.o Drivers\STM32F4xx_HAL_Driver\Src\stm32f4xx_hal_i2s_ex.o Drivers\STM32F4xx_HAL_Driver\Src\stm32f4xx_hal_pwr.o Drivers\STM32F4xx_HAL_Driver\Src\stm32f4xx_hal_pwr_ex.o Drivers\STM32F4xx_HAL_Driver\Src\stm32f4xx_hal_rcc.o Drivers\STM32F4xx_HAL_Driver\Src\stm32f4xx_hal_rcc_ex.o Drivers\STM32F4xx_HAL_Driver\Src\stm32f4xx_hal_spi.o Drivers\STM32F4xx_HAL_Driver\Src\stm32f4xx_hal_tim.o Drivers\STM32F4xx_HAL_Driver\Src\stm32f4xx_hal_tim_ex.o Drivers\STM32F4xx_HAL_Driver\Src\stm32f4xx_hal_uart.o Drivers\STM32F4xx_HAL_Driver\Src\stm32f4xx_ll_usb.o Middlewares\ST\STM32_USB_Host_Library\Class\MSC\Src\usbh_msc.o Middlewares\ST\STM32_USB_Host_Library\Class\MSC\Src\usbh_msc_bot.o Middlewares\ST\STM32_USB_Host_Library\Class\MSC\Src\usbh_msc_scsi.o Middlewares\ST\STM32_USB_Host_Library\Core\Src\usbh_core.o Middlewares\ST\STM32_USB_Host_Library\Core\Src\usbh_ctlreq.o Middlewares\ST\STM32_USB_Host_Library\Core\Src\usbh_ioreq.o Middlewares\ST\STM32_USB_Host_Library\Core\Src\usbh_pipes.o Middlewares\Third_Party\FatFs\src\diskio.o Middlewares\Third_Party\FatFs\src\ff.o Middlewares\Third_Party\FatFs\src\ff_gen_drv.o Middlewares\Third_Party\FatFs\src\option\syscall.o Src\adc.o Src\dma.o Src\fatfs.o Src\gpio.o Src\i2c.o Src\i2s.o Src\main.o Src\spi.o Src\stm32f4xx_hal_msp.o Src\stm32f4xx_it.o Src\system_stm32f4xx.o Src\usart.o Src\usb_host.o Src\usbh_conf.o Src\usbh_diskio.o Src\usbh_platform.o Src\user.o startup\startup_stm32f411xe.o -mthumb -mcpu=cortex-m4 -mfloat-abi=hard -mfpu=fpv4-sp-d16 -T../STM32F411VE_FLASH.ld -specs=nosys.specs -static -Wl,-Map=CubeMX.map -Wl,--gc-sections -Wl,--defsym=malloc_getpagesize_P=0x80 -Wl,--start-group -lc -lm -Wl,--end-group -specs=nano.specs 
C:\Program Files (x86)\Atollic\TrueSTUDIO for STM32 9.2.0\ide\jre\bin\java -jar C:\Program Files (x86)\Atollic\TrueSTUDIO for STM32 9.2.0\Tools\arm-atollic-reports.jar sizeinfo list CubeMX.elf 
Generate build reports...
Print size information
   text	   data	    bss	    dec	    hex	filename
  22320	    152	   5196	  27668	   6c14	CubeMX.elf
Print size information done
Generate listing file
Output sent to: CubeMX.list
Generate listing file done
Generate build reports done
arm-atollic-eabi-objcopy.exe -O ihex CubeMX.elf CubeMX.hex 
21:30:10 **** Incremental Build of configuration Debug for project CubeMX ****
Info: Internal Builder is used for build
arm-atollic-eabi-gcc -c -mthumb -mcpu=cortex-m4 -mfloat-abi=hard -mfpu=fpv4-sp-d16 -std=gnu11 -D__weak=__attribute__((weak)) -D__packed=__attribute__((__packed__)) -DUSE_HAL_DRIVER -DSTM32F411xE -I../Inc -I../Drivers/STM32F4xx_HAL_Driver/Inc -I../Drivers/STM32F4xx_HAL_Driver/Inc/Legacy -I../Middlewares/Third_Party/FatFs/src -I../Middlewares/ST/STM32_USB_Host_Library/Core/Inc -I../Middlewares/ST/STM32_USB_Host_Library/Class/MSC/Inc -I../Drivers/CMSIS/Device/ST/STM32F4xx/Include -I../Drivers/CMSIS/Include -Os -ffunction-sections -fdata-sections -g -fstack-usage -Wall -specs=nano.specs -o Src\user.o ..\Src\user.c 
arm-atollic-eabi-gcc -o CubeMX.elf Drivers\STM32F4xx_HAL_Driver\Src\stm32f4xx_hal.o Drivers\STM32F4xx_HAL_Driver\Src\stm32f4xx_hal_adc.o Drivers\STM32F4xx_HAL_Driver\Src\stm32f4xx_hal_adc_ex.o Drivers\STM32F4xx_HAL_Driver\Src\stm32f4xx_hal_cortex.o Drivers\STM32F4xx_HAL_Driver\Src\stm32f4xx_hal_dma.o Drivers\STM32F4xx_HAL_Driver\Src\stm32f4xx_hal_dma_ex.o Drivers\STM32F4xx_HAL_Driver\Src\stm32f4xx_hal_flash.o Drivers\STM32F4xx_HAL_Driver\Src\stm32f4xx_hal_flash_ex.o Drivers\STM32F4xx_HAL_Driver\Src\stm32f4xx_hal_flash_ramfunc.o Drivers\STM32F4xx_HAL_Driver\Src\stm32f4xx_hal_gpio.o Drivers\STM32F4xx_HAL_Driver\Src\stm32f4xx_hal_hcd.o Drivers\STM32F4xx_HAL_Driver\Src\stm32f4xx_hal_i2c.o Drivers\STM32F4xx_HAL_Driver\Src\stm32f4xx_hal_i2c_ex.o Drivers\STM32F4xx_HAL_Driver\Src\stm32f4xx_hal_i2s.o Drivers\STM32F4xx_HAL_Driver\Src\stm32f4xx_hal_i2s_ex.o Drivers\STM32F4xx_HAL_Driver\Src\stm32f4xx_hal_pwr.o Drivers\STM32F4xx_HAL_Driver\Src\stm32f4xx_hal_pwr_ex.o Drivers\STM32F4xx_HAL_Driver\Src\stm32f4xx_hal_rcc.o Drivers\STM32F4xx_HAL_Driver\Src\stm32f4xx_hal_rcc_ex.o Drivers\STM32F4xx_HAL_Driver\Src\stm32f4xx_hal_spi.o Drivers\STM32F4xx_HAL_Driver\Src\stm32f4xx_hal_tim.o Drivers\STM32F4xx_HAL_Driver\Src\stm32f4xx_hal_tim_ex.o Drivers\STM32F4xx_HAL_Driver\Src\stm32f4xx_hal_uart.o Drivers\STM32F4xx_HAL_Driver\Src\stm32f4xx_ll_usb.o Middlewares\ST\STM32_USB_Host_Library\Class\MSC\Src\usbh_msc.o Middlewares\ST\STM32_USB_Host_Library\Class\MSC\Src\usbh_msc_bot.o Middlewares\ST\STM32_USB_Host_Library\Class\MSC\Src\usbh_msc_scsi.o Middlewares\ST\STM32_USB_Host_Library\Core\Src\usbh_core.o Middlewares\ST\STM32_USB_Host_Library\Core\Src\usbh_ctlreq.o Middlewares\ST\STM32_USB_Host_Library\Core\Src\usbh_ioreq.o Middlewares\ST\STM32_USB_Host_Library\Core\Src\usbh_pipes.o Middlewares\Third_Party\FatFs\src\diskio.o Middlewares\Third_Party\FatFs\src\ff.o Middlewares\Third_Party\FatFs\src\ff_gen_drv.o Middlewares\Third_Party\FatFs\src\option\syscall.o Src\adc.o Src\dma.o Src\fatfs.o Src\gpio.o Src\i2c.o Src\i2s.o Src\main.o Src\spi.o Src\stm32f4xx_hal_msp.o Src\stm32f4xx_it.o Src\system_stm32f4xx.o Src\usart.o Src\usb_host.o Src\usbh_conf.o Src\usbh_diskio.o Src\usbh_platform.o Src\user.o startup\startup_stm32f411xe.o -mthumb -mcpu=cortex-m4 -mfloat-abi=hard -mfpu=fpv4-sp-d16 -T../STM32F411VE_FLASH.ld -specs=nosys.specs -static -Wl,-Map=CubeMX.map -Wl,--gc-sections -Wl,--defsym=malloc_getpagesize_P=0x80 -Wl,--start-group -lc -lm -Wl,--end-group -specs=nano.specs 
C:\Program Files (x86)\Atollic\TrueSTUDIO for STM32 9.2.0\ide\jre\bin\java -jar C:\Program Files (x86)\Atollic\TrueSTUDIO for STM32 9.2.0\Tools\arm-atollic-reports.jar sizeinfo list CubeMX.elf 
Generate build reports...
Print size information
   text	   data	    bss	    dec	    hex	filename
  22320	    152	   5196	  27668	   6c14	CubeMX.elf
Print size information done
Generate listing file
Output sent to: CubeMX.list
Generate listing file done
Generate build reports done
arm-atollic-eabi-objcopy.exe -O ihex CubeMX.elf CubeMX.hex 
21:35:43 **** Incremental Build of configuration Debug for project CubeMX ****
Info: Internal Builder is used for build
arm-atollic-eabi-gcc -c -mthumb -mcpu=cortex-m4 -mfloat-abi=hard -mfpu=fpv4-sp-d16 -std=gnu11 -D__weak=__attribute__((weak)) -D__packed=__attribute__((__packed__)) -DUSE_HAL_DRIVER -DSTM32F411xE -I../Inc -I../Drivers/STM32F4xx_HAL_Driver/Inc -I../Drivers/STM32F4xx_HAL_Driver/Inc/Legacy -I../Middlewares/Third_Party/FatFs/src -I../Middlewares/ST/STM32_USB_Host_Library/Core/Inc -I../Middlewares/ST/STM32_USB_Host_Library/Class/MSC/Inc -I../Drivers/CMSIS/Device/ST/STM32F4xx/Include -I../Drivers/CMSIS/Include -Os -ffunction-sections -fdata-sections -g -fstack-usage -Wall -specs=nano.specs -o Src\user.o ..\Src\user.c 
arm-atollic-eabi-gcc -o CubeMX.elf Drivers\STM32F4xx_HAL_Driver\Src\stm32f4xx_hal.o Drivers\STM32F4xx_HAL_Driver\Src\stm32f4xx_hal_adc.o Drivers\STM32F4xx_HAL_Driver\Src\stm32f4xx_hal_adc_ex.o Drivers\STM32F4xx_HAL_Driver\Src\stm32f4xx_hal_cortex.o Drivers\STM32F4xx_HAL_Driver\Src\stm32f4xx_hal_dma.o Drivers\STM32F4xx_HAL_Driver\Src\stm32f4xx_hal_dma_ex.o Drivers\STM32F4xx_HAL_Driver\Src\stm32f4xx_hal_flash.o Drivers\STM32F4xx_HAL_Driver\Src\stm32f4xx_hal_flash_ex.o Drivers\STM32F4xx_HAL_Driver\Src\stm32f4xx_hal_flash_ramfunc.o Drivers\STM32F4xx_HAL_Driver\Src\stm32f4xx_hal_gpio.o Drivers\STM32F4xx_HAL_Driver\Src\stm32f4xx_hal_hcd.o Drivers\STM32F4xx_HAL_Driver\Src\stm32f4xx_hal_i2c.o Drivers\STM32F4xx_HAL_Driver\Src\stm32f4xx_hal_i2c_ex.o Drivers\STM32F4xx_HAL_Driver\Src\stm32f4xx_hal_i2s.o Drivers\STM32F4xx_HAL_Driver\Src\stm32f4xx_hal_i2s_ex.o Drivers\STM32F4xx_HAL_Driver\Src\stm32f4xx_hal_pwr.o Drivers\STM32F4xx_HAL_Driver\Src\stm32f4xx_hal_pwr_ex.o Drivers\STM32F4xx_HAL_Driver\Src\stm32f4xx_hal_rcc.o Drivers\STM32F4xx_HAL_Driver\Src\stm32f4xx_hal_rcc_ex.o Drivers\STM32F4xx_HAL_Driver\Src\stm32f4xx_hal_spi.o Drivers\STM32F4xx_HAL_Driver\Src\stm32f4xx_hal_tim.o Drivers\STM32F4xx_HAL_Driver\Src\stm32f4xx_hal_tim_ex.o Drivers\STM32F4xx_HAL_Driver\Src\stm32f4xx_hal_uart.o Drivers\STM32F4xx_HAL_Driver\Src\stm32f4xx_ll_usb.o Middlewares\ST\STM32_USB_Host_Library\Class\MSC\Src\usbh_msc.o Middlewares\ST\STM32_USB_Host_Library\Class\MSC\Src\usbh_msc_bot.o Middlewares\ST\STM32_USB_Host_Library\Class\MSC\Src\usbh_msc_scsi.o Middlewares\ST\STM32_USB_Host_Library\Core\Src\usbh_core.o Middlewares\ST\STM32_USB_Host_Library\Core\Src\usbh_ctlreq.o Middlewares\ST\STM32_USB_Host_Library\Core\Src\usbh_ioreq.o Middlewares\ST\STM32_USB_Host_Library\Core\Src\usbh_pipes.o Middlewares\Third_Party\FatFs\src\diskio.o Middlewares\Third_Party\FatFs\src\ff.o Middlewares\Third_Party\FatFs\src\ff_gen_drv.o Middlewares\Third_Party\FatFs\src\option\syscall.o Src\adc.o Src\dma.o Src\fatfs.o Src\gpio.o Src\i2c.o Src\i2s.o Src\main.o Src\spi.o Src\stm32f4xx_hal_msp.o Src\stm32f4xx_it.o Src\system_stm32f4xx.o Src\usart.o Src\usb_host.o Src\usbh_conf.o Src\usbh_diskio.o Src\usbh_platform.o Src\user.o startup\startup_stm32f411xe.o -mthumb -mcpu=cortex-m4 -mfloat-abi=hard -mfpu=fpv4-sp-d16 -T../STM32F411VE_FLASH.ld -specs=nosys.specs -static -Wl,-Map=CubeMX.map -Wl,--gc-sections -Wl,--defsym=malloc_getpagesize_P=0x80 -Wl,--start-group -lc -lm -Wl,--end-group -specs=nano.specs 
C:\Program Files (x86)\Atollic\TrueSTUDIO for STM32 9.2.0\ide\jre\bin\java -jar C:\Program Files (x86)\Atollic\TrueSTUDIO for STM32 9.2.0\Tools\arm-atollic-reports.jar sizeinfo list CubeMX.elf 
Generate build reports...
Print size information
   text	   data	    bss	    dec	    hex	filename
  22320	    152	   5196	  27668	   6c14	CubeMX.elf
Print size information done
Generate listing file
Output sent to: CubeMX.list
Generate listing file done
Generate build reports done
arm-atollic-eabi-objcopy.exe -O ihex CubeMX.elf CubeMX.hex 
21:39:14 **** Incremental Build of configuration Debug for project CubeMX ****
Info: Internal Builder is used for build
arm-atollic-eabi-gcc -c -mthumb -mcpu=cortex-m4 -mfloat-abi=hard -mfpu=fpv4-sp-d16 -std=gnu11 -D__weak=__attribute__((weak)) -D__packed=__attribute__((__packed__)) -DUSE_HAL_DRIVER -DSTM32F411xE -I../Inc -I../Drivers/STM32F4xx_HAL_Driver/Inc -I../Drivers/STM32F4xx_HAL_Driver/Inc/Legacy -I../Middlewares/Third_Party/FatFs/src -I../Middlewares/ST/STM32_USB_Host_Library/Core/Inc -I../Middlewares/ST/STM32_USB_Host_Library/Class/MSC/Inc -I../Drivers/CMSIS/Device/ST/STM32F4xx/Include -I../Drivers/CMSIS/Include -Os -ffunction-sections -fdata-sections -g -fstack-usage -Wall -specs=nano.specs -o Src\user.o ..\Src\user.c 
arm-atollic-eabi-gcc -o CubeMX.elf Drivers\STM32F4xx_HAL_Driver\Src\stm32f4xx_hal.o Drivers\STM32F4xx_HAL_Driver\Src\stm32f4xx_hal_adc.o Drivers\STM32F4xx_HAL_Driver\Src\stm32f4xx_hal_adc_ex.o Drivers\STM32F4xx_HAL_Driver\Src\stm32f4xx_hal_cortex.o Drivers\STM32F4xx_HAL_Driver\Src\stm32f4xx_hal_dma.o Drivers\STM32F4xx_HAL_Driver\Src\stm32f4xx_hal_dma_ex.o Drivers\STM32F4xx_HAL_Driver\Src\stm32f4xx_hal_flash.o Drivers\STM32F4xx_HAL_Driver\Src\stm32f4xx_hal_flash_ex.o Drivers\STM32F4xx_HAL_Driver\Src\stm32f4xx_hal_flash_ramfunc.o Drivers\STM32F4xx_HAL_Driver\Src\stm32f4xx_hal_gpio.o Drivers\STM32F4xx_HAL_Driver\Src\stm32f4xx_hal_hcd.o Drivers\STM32F4xx_HAL_Driver\Src\stm32f4xx_hal_i2c.o Drivers\STM32F4xx_HAL_Driver\Src\stm32f4xx_hal_i2c_ex.o Drivers\STM32F4xx_HAL_Driver\Src\stm32f4xx_hal_i2s.o Drivers\STM32F4xx_HAL_Driver\Src\stm32f4xx_hal_i2s_ex.o Drivers\STM32F4xx_HAL_Driver\Src\stm32f4xx_hal_pwr.o Drivers\STM32F4xx_HAL_Driver\Src\stm32f4xx_hal_pwr_ex.o Drivers\STM32F4xx_HAL_Driver\Src\stm32f4xx_hal_rcc.o Drivers\STM32F4xx_HAL_Driver\Src\stm32f4xx_hal_rcc_ex.o Drivers\STM32F4xx_HAL_Driver\Src\stm32f4xx_hal_spi.o Drivers\STM32F4xx_HAL_Driver\Src\stm32f4xx_hal_tim.o Drivers\STM32F4xx_HAL_Driver\Src\stm32f4xx_hal_tim_ex.o Drivers\STM32F4xx_HAL_Driver\Src\stm32f4xx_hal_uart.o Drivers\STM32F4xx_HAL_Driver\Src\stm32f4xx_ll_usb.o Middlewares\ST\STM32_USB_Host_Library\Class\MSC\Src\usbh_msc.o Middlewares\ST\STM32_USB_Host_Library\Class\MSC\Src\usbh_msc_bot.o Middlewares\ST\STM32_USB_Host_Library\Class\MSC\Src\usbh_msc_scsi.o Middlewares\ST\STM32_USB_Host_Library\Core\Src\usbh_core.o Middlewares\ST\STM32_USB_Host_Library\Core\Src\usbh_ctlreq.o Middlewares\ST\STM32_USB_Host_Library\Core\Src\usbh_ioreq.o Middlewares\ST\STM32_USB_Host_Library\Core\Src\usbh_pipes.o Middlewares\Third_Party\FatFs\src\diskio.o Middlewares\Third_Party\FatFs\src\ff.o Middlewares\Third_Party\FatFs\src\ff_gen_drv.o Middlewares\Third_Party\FatFs\src\option\syscall.o Src\adc.o Src\dma.o Src\fatfs.o Src\gpio.o Src\i2c.o Src\i2s.o Src\main.o Src\spi.o Src\stm32f4xx_hal_msp.o Src\stm32f4xx_it.o Src\system_stm32f4xx.o Src\usart.o Src\usb_host.o Src\usbh_conf.o Src\usbh_diskio.o Src\usbh_platform.o Src\user.o startup\startup_stm32f411xe.o -mthumb -mcpu=cortex-m4 -mfloat-abi=hard -mfpu=fpv4-sp-d16 -T../STM32F411VE_FLASH.ld -specs=nosys.specs -static -Wl,-Map=CubeMX.map -Wl,--gc-sections -Wl,--defsym=malloc_getpagesize_P=0x80 -Wl,--start-group -lc -lm -Wl,--end-group -specs=nano.specs 
C:\Program Files (x86)\Atollic\TrueSTUDIO for STM32 9.2.0\ide\jre\bin\java -jar C:\Program Files (x86)\Atollic\TrueSTUDIO for STM32 9.2.0\Tools\arm-atollic-reports.jar sizeinfo list CubeMX.elf 
Generate build reports...
Print size information
   text	   data	    bss	    dec	    hex	filename
  22320	    152	   5196	  27668	   6c14	CubeMX.elf
Print size information done
Generate listing file
Output sent to: CubeMX.list
Generate listing file done
Generate build reports done
arm-atollic-eabi-objcopy.exe -O ihex CubeMX.elf CubeMX.hex 
